\BOOKMARK [0][-]{chapter.1}{\376\377\000M\000o\000d\000e\000l\000i\000n\000g\000\040\000A\000t\000t\000e\000m\000p\000t\000s}{}% 1
\BOOKMARK [1][-]{section.1.1}{\376\377\000S\000i\000m\000p\000l\000e\000\040\000O\000D\000E\000\040\000m\000o\000d\000e\000l\000\040\000\050\000F\000i\000r\000s\000t\000\040\000I\000t\000e\000r\000a\000t\000i\000o\000n\000\051}{chapter.1}% 2
\BOOKMARK [1][-]{section.1.2}{\376\377\000S\000o\000m\000e\000\040\000I\000d\000e\000a\000s\000\040\000t\000o\000\040\000T\000r\000y}{chapter.1}% 3
\BOOKMARK [0][-]{chapter.2}{\376\377\000P\000a\000p\000e\000r\000s\000\040\000R\000e\000v\000i\000e\000w\000e\000d}{}% 4
\BOOKMARK [1][-]{subsection.2.1.1}{\376\377\000I\000n\000t\000r\000o\000d\000u\000c\000t\000i\000o\000n}{chapter.2}% 5
\BOOKMARK [2][-]{subsection.2.1.2}{\376\377\000M\000e\000t\000h\000o\000d}{subsection.2.1.1}% 6
\BOOKMARK [2][-]{subsection.2.1.3}{\376\377\000U\000s\000e\000f\000u\000l\000\040\000f\000a\000c\000t\000s}{subsection.2.1.1}% 7
\BOOKMARK [2][-]{subsection.2.1.4}{\376\377\000P\000o\000i\000n\000t\000s\000\040\000t\000h\000a\000t\000\040\000a\000r\000e\000\040\000n\000o\000t\000\040\000c\000l\000e\000a\000r\000\040\000y\000e\000t}{subsection.2.1.1}% 8
\BOOKMARK [2][-]{subsection.2.1.5}{\376\377\000U\000s\000e\000f\000u\000l\000\040\000p\000a\000p\000e\000r\000s\000\040\000c\000i\000t\000e\000d}{subsection.2.1.1}% 9
\BOOKMARK [2][-]{subsection.2.1.6}{\376\377\000R\000e\000s\000u\000l\000t\000s}{subsection.2.1.1}% 10
\BOOKMARK [0][-]{chapter.3}{\376\377\000M\000o\000l\000e\000c\000u\000l\000a\000r\000\040\000B\000i\000o\000l\000o\000g\000y}{}% 11
\BOOKMARK [1][-]{section.3.1}{\376\377\000M\000o\000l\000e\000c\000u\000l\000a\000r\000\040\000M\000e\000c\000h\000a\000n\000i\000s\000m\000\040\000o\000f\000\040\000A\000n\000g\000i\000o\000g\000e\000n\000e\000s\000i\000s}{chapter.3}% 12
\BOOKMARK [1][-]{section.3.2}{\376\377\000B\000i\000o\000l\000o\000g\000i\000c\000a\000l\000\040\000A\000s\000s\000a\000y\000s\000\040\000t\000o\000\040\000S\000t\000u\000d\000y\000\040\000A\000n\000g\000i\000o\000g\000e\000n\000e\000s\000i\000s}{chapter.3}% 13
\BOOKMARK [2][-]{subsection.3.2.1}{\376\377\000C\000o\000r\000n\000e\000a\000l\000\040\000M\000i\000c\000r\000o\000p\000o\000c\000k\000e\000t\000\040\000A\000s\000s\000a\000y}{section.3.2}% 14
\BOOKMARK [0][-]{chapter.4}{\376\377\000C\000o\000m\000m\000e\000n\000t\000s}{}% 15
\BOOKMARK [1][-]{section.4.1}{\376\377\000L\000e\000a\000h\000\040\000C\000o\000m\000m\000e\000n\000t\000s\000\040\000J\000a\000n\000\040\0002\0004\000,\000\040\0002\0000\0002\0004}{chapter.4}% 16
\BOOKMARK [2][-]{subsection.4.1.1}{\376\377\000S\000u\000g\000g\000e\000s\000t\000e\000d\000\040\000r\000e\000s\000e\000a\000r\000c\000h\000\040\000s\000t\000y\000l\000e\000\040\000a\000n\000d\000\040\000f\000l\000a\000v\000o\000u\000r}{section.4.1}% 17
\BOOKMARK [2][-]{subsection.4.1.2}{\376\377\000S\000t\000e\000p\000\040\0001\000:\000\040\000B\000u\000l\000k\000\040\000m\000o\000d\000e\000l}{section.4.1}% 18
\BOOKMARK [2][-]{subsection.4.1.3}{\376\377\000\050\000O\000p\000t\000i\000o\000n\000a\000l\000\051\000\040\000S\000t\000e\000p\000\040\0002\000:\000\040\000S\000i\000m\000p\000l\000e\000\040\000s\000p\000a\000t\000i\000a\000l\000l\000y\000\040\000d\000i\000s\000t\000r\000i\000b\000u\000t\000e\000d\000\040\0001\000D\000\040\000s\000y\000s\000t\000e\000m}{section.4.1}% 19
\BOOKMARK [2][-]{subsection.4.1.4}{\376\377\000S\000t\000e\000p\000\040\0003\000:\000\040\000A\000n\000\040\000a\000g\000e\000n\000t\000-\000b\000a\000s\000e\000d\000\040\000\050\000C\000P\000M\000\051\000\040\000m\000o\000d\000e\000l\000:}{section.4.1}% 20
\BOOKMARK [2][-]{subsection.4.1.5}{\376\377\000S\000t\000e\000p\000\040\0004\000:\000\040\000L\000o\000o\000k\000\040\000f\000o\000r\000\040\000d\000a\000t\000a}{section.4.1}% 21
\BOOKMARK [2][-]{subsection.4.1.6}{\376\377\000S\000t\000e\000p\000\040\0005\000:\000\040\000M\000o\000r\000e\000\040\000d\000e\000t\000a\000i\000l\000s\000\040\000a\000n\000d\000\040\000o\000t\000h\000e\000r\000\040\000v\000a\000r\000i\000a\000n\000t\000s}{section.4.1}% 22
\BOOKMARK [0][-]{chapter.5}{\376\377\000M\000e\000e\000t\000i\000n\000g\000\040\000l\000o\000g}{}% 23
\BOOKMARK [1][-]{subsection.5.0.1}{\376\377\0002\0009\000\040\000J\000a\000n\000\040\000M\000e\000e\000t\000i\000n\000g\000\040\000w\000i\000t\000h\000\040\000L\000e\000a\000h}{chapter.5}% 24
